Class 0 12 prunning
total prune number : 12
prune head list
[(10, 5), (9, 9), (7, 7), (3, 4), (8, 2), (5, 1), (1, 2), (1, 3), (9, 4), (8, 6), (0, 11), (5, 2)]
Class 0 24 prunning
total prune number : 24
prune head list
[(6, 3), (8, 0), (0, 2), (0, 1), (7, 11), (10, 8), (2, 4), (10, 9), (1, 0), (9, 6), (2, 8), (11, 1)]
Class 0 36 prunning
total prune number : 36
prune head list
[(8, 5), (3, 2), (8, 3), (11, 8), (3, 6), (10, 1), (5, 6), (11, 2), (0, 7), (0, 5), (7, 3), (9, 10)]
Class 0 48 prunning
total prune number : 48
prune head list
[(0, 10), (9, 0), (2, 2), (10, 10), (7, 6), (10, 6), (7, 2), (9, 7), (6, 4), (11, 0), (7, 4), (9, 1)]
Class 0 60 prunning
total prune number : 60
prune head list
[(1, 5), (2, 11), (10, 7), (6, 1), (3, 10), (6, 2), (2, 3), (4, 4), (11, 3), (6, 6), (6, 11), (4, 8)]
Class 0 72 prunning
total prune number : 72
prune head list
[(5, 11), (3, 8), (11, 7), (10, 2), (2, 10), (4, 6), (8, 10), (9, 3), (0, 3), (6, 10), (11, 11), (4, 0)]
Class 0 84 prunning
total prune number : 84
prune head list
[(11, 9), (7, 9), (1, 4), (4, 7), (4, 11), (2, 7), (11, 5), (2, 1), (5, 0), (9, 2), (7, 5), (0, 8)]
Class 0 96 prunning
total prune number : 96
prune head list
[(1, 1), (3, 9), (5, 3), (1, 8), (5, 5), (4, 3), (6, 9), (8, 4), (6, 7), (5, 7), (4, 2), (4, 1)]
Evaluating: 100%|██████████| 782/782 [05:07<00:00,  2.55it/s]
Loss: 0.4851
Precision: 0.8418, Recall: 0.7855, F1-Score: 0.7763
              precision    recall  f1-score   support

           0       0.70      0.99      0.82     12500
           1       0.98      0.58      0.73     12500

    accuracy                           0.79     25000
   macro avg       0.84      0.79      0.78     25000
weighted avg       0.84      0.79      0.78     25000

Class 1 12 prunning
total prune number : 12
prune head list
[(10, 5), (9, 9), (7, 7), (3, 4), (8, 2), (1, 2), (5, 1), (1, 3), (9, 4), (8, 6), (0, 11), (5, 2)]
Class 1 24 prunning
total prune number : 24
prune head list
[(6, 3), (8, 0), (0, 2), (0, 1), (7, 11), (10, 8), (2, 4), (10, 9), (1, 0), (9, 6), (2, 8), (8, 5)]
Class 1 36 prunning
total prune number : 36
prune head list
[(11, 8), (3, 2), (8, 3), (11, 1), (3, 6), (5, 6), (10, 1), (11, 2), (0, 5), (0, 7), (7, 3), (9, 10)]
Class 1 48 prunning
total prune number : 48
prune head list
[(0, 10), (2, 2), (9, 0), (10, 10), (7, 6), (10, 6), (7, 2), (9, 7), (6, 4), (11, 0), (7, 4), (9, 1)]
Class 1 60 prunning
total prune number : 60
prune head list
[(1, 5), (10, 7), (2, 11), (2, 3), (3, 10), (6, 1), (6, 2), (4, 4), (11, 7), (11, 3), (5, 11), (6, 6)]
Class 1 72 prunning
total prune number : 72
prune head list
[(6, 11), (4, 8), (3, 8), (8, 10), (9, 3), (4, 6), (10, 2), (2, 10), (11, 11), (0, 3), (6, 10), (4, 0)]
Class 1 84 prunning
total prune number : 84
prune head list
[(4, 7), (7, 9), (1, 4), (11, 9), (4, 11), (2, 7), (11, 5), (2, 1), (5, 0), (9, 2), (7, 5), (0, 8)]
Class 1 96 prunning
total prune number : 96
prune head list
[(1, 1), (3, 9), (5, 3), (1, 8), (5, 5), (6, 9), (4, 3), (6, 7), (5, 7), (8, 4), (4, 2), (4, 1)]
Evaluating: 100%|██████████| 782/782 [04:58<00:00,  2.62it/s]
Loss: 0.4851
Precision: 0.8418, Recall: 0.7855, F1-Score: 0.7763
              precision    recall  f1-score   support

           0       0.70      0.99      0.82     12500
           1       0.98      0.58      0.73     12500

    accuracy                           0.79     25000
   macro avg       0.84      0.79      0.78     25000
weighted avg       0.84      0.79      0.78     25000

Total 12 prunning
total prune number : 12
prune head list
[(10, 5), (9, 9), (7, 7), (3, 4), (8, 2), (5, 1), (1, 2), (1, 3), (9, 4), (8, 6), (0, 11), (5, 2)]
Total 24 prunning
total prune number : 24
prune head list
[(6, 3), (8, 0), (0, 2), (0, 1), (7, 11), (10, 8), (2, 4), (10, 9), (1, 0), (9, 6), (2, 8), (8, 5)]
Total 36 prunning
total prune number : 36
prune head list
[(3, 2), (11, 1), (11, 8), (8, 3), (3, 6), (10, 1), (5, 6), (11, 2), (0, 5), (0, 7), (7, 3), (9, 10)]
Total 48 prunning
total prune number : 48
prune head list
[(0, 10), (9, 0), (2, 2), (10, 10), (7, 6), (10, 6), (7, 2), (9, 7), (6, 4), (11, 0), (7, 4), (9, 1)]
Total 60 prunning
total prune number : 60
prune head list
[(1, 5), (10, 7), (2, 11), (3, 10), (6, 1), (2, 3), (6, 2), (4, 4), (11, 3), (6, 6), (5, 11), (6, 11)]
Total 72 prunning
total prune number : 72
prune head list
[(4, 8), (11, 7), (3, 8), (4, 6), (10, 2), (8, 10), (2, 10), (9, 3), (0, 3), (11, 11), (6, 10), (4, 0)]
Total 84 prunning
total prune number : 84
prune head list
[(4, 7), (7, 9), (11, 9), (1, 4), (4, 11), (2, 7), (11, 5), (2, 1), (5, 0), (9, 2), (7, 5), (0, 8)]
Total 96 prunning
total prune number : 96
prune head list
[(1, 1), (3, 9), (5, 3), (1, 8), (5, 5), (6, 9), (4, 3), (6, 7), (5, 7), (8, 4), (4, 2), (4, 1)]
Evaluating: 100%|██████████| 782/782 [05:11<00:00,  2.51it/s]
Loss: 0.4851
Precision: 0.8418, Recall: 0.7855, F1-Score: 0.7763
              precision    recall  f1-score   support

           0       0.70      0.99      0.82     12500
           1       0.98      0.58      0.73     12500

    accuracy                           0.79     25000
   macro avg       0.84      0.79      0.78     25000
weighted avg       0.84      0.79      0.78     25000