Class 0 12 prunning
total prune number : 12
prune head list
[(11, 3), (11, 10), (7, 3), (10, 2), (9, 4), (9, 10), (9, 9), (1, 3), (8, 4), (3, 4), (1, 2), (7, 6)]
Class 0 24 prunning
total prune number : 24
prune head list
[(5, 1), (11, 8), (11, 1), (10, 11), (8, 5), (10, 5), (10, 0), (5, 11), (5, 2), (6, 2), (4, 8), (3, 2)]
Class 0 36 prunning
total prune number : 36
prune head list
[(7, 7), (11, 9), (2, 4), (0, 1), (6, 10), (4, 7), (5, 0), (2, 8), (10, 9), (0, 10), (3, 10), (6, 4)]
Class 0 48 prunning
total prune number : 48
prune head list
[(4, 1), (0, 3), (9, 2), (9, 0), (4, 6), (9, 1), (8, 3), (8, 0), (1, 0), (3, 3), (11, 0), (11, 4)]
Class 0 60 prunning
total prune number : 60
prune head list
[(0, 2), (0, 11), (2, 2), (1, 5), (7, 11), (10, 8), (9, 6), (4, 4), (7, 2), (4, 10), (11, 2), (6, 3)]
Class 0 72 prunning
total prune number : 72
prune head list
[(0, 5), (5, 6), (11, 5), (4, 5), (2, 1), (8, 6), (10, 4), (3, 6), (0, 7), (1, 9), (10, 10), (10, 7)]
Class 0 84 prunning
total prune number : 84
prune head list
[(2, 7), (6, 5), (9, 7), (9, 3), (2, 11), (6, 1), (0, 8), (11, 6), (2, 6), (6, 6), (7, 10), (2, 3)]
Class 0 96 prunning
total prune number : 96
prune head list
[(3, 0), (8, 10), (6, 0), (3, 8), (1, 4), (7, 4), (5, 3), (6, 11), (7, 1), (3, 9), (4, 2), (2, 0)]
Evaluating: 100%|██████████| 200/200 [02:29<00:00,  1.34it/s]
Loss: 0.9567
Precision: 0.7316, Recall: 0.7386, F1-Score: 0.7297
              precision    recall  f1-score   support

           0       0.67      0.61      0.64       797
           1       0.78      0.72      0.75       775
           2       0.86      0.85      0.85       795
           3       0.90      0.73      0.81      1110
           4       0.78      0.82      0.80      1260
           5       0.89      0.66      0.76       882
           6       0.86      0.73      0.79       940
           7       0.42      0.50      0.45       473
           8       0.57      0.83      0.68       746
           9       0.53      0.61      0.57       689
          10       0.70      0.74      0.72       670
          11       0.56      0.75      0.64       312
          12       0.66      0.72      0.69       665
          13       0.73      0.86      0.79       314
          14       0.82      0.76      0.79       756
          15       0.97      0.92      0.95      1607

    accuracy                           0.75     12791
   macro avg       0.73      0.74      0.73     12791
weighted avg       0.77      0.75      0.76     12791

Class 1 12 prunning
total prune number : 12
prune head list
[(11, 3), (11, 10), (7, 3), (10, 2), (9, 4), (9, 10), (9, 9), (1, 3), (8, 4), (3, 4), (1, 2), (7, 6)]
Class 1 24 prunning
total prune number : 24
prune head list
[(5, 1), (11, 8), (11, 1), (10, 11), (8, 5), (10, 5), (10, 0), (5, 11), (6, 2), (5, 2), (3, 2), (4, 8)]
Class 1 36 prunning
total prune number : 36
prune head list
[(11, 9), (7, 7), (2, 4), (0, 1), (6, 10), (4, 7), (5, 0), (2, 8), (10, 9), (0, 10), (3, 10), (6, 4)]
Class 1 48 prunning
total prune number : 48
prune head list
[(9, 0), (0, 3), (4, 1), (9, 2), (4, 6), (9, 1), (8, 3), (11, 0), (8, 0), (3, 3), (1, 0), (2, 2)]
Class 1 60 prunning
total prune number : 60
prune head list
[(0, 2), (0, 11), (1, 5), (10, 8), (7, 11), (11, 4), (9, 6), (4, 4), (7, 2), (11, 2), (4, 10), (6, 3)]
Class 1 72 prunning
total prune number : 72
prune head list
[(0, 5), (10, 4), (5, 6), (8, 6), (2, 1), (4, 5), (3, 6), (0, 7), (11, 5), (10, 7), (1, 9), (2, 7)]
Class 1 84 prunning
total prune number : 84
prune head list
[(9, 7), (10, 10), (6, 5), (11, 6), (2, 11), (9, 3), (6, 1), (0, 8), (2, 6), (6, 6), (7, 10), (2, 3)]
Class 1 96 prunning
total prune number : 96
prune head list
[(3, 0), (8, 10), (3, 8), (6, 0), (7, 4), (1, 4), (5, 3), (7, 1), (6, 11), (3, 9), (2, 0), (4, 2)]
Evaluating: 100%|██████████| 200/200 [02:39<00:00,  1.26it/s]
Loss: 0.9567
Precision: 0.7316, Recall: 0.7386, F1-Score: 0.7297
              precision    recall  f1-score   support

           0       0.67      0.61      0.64       797
           1       0.78      0.72      0.75       775
           2       0.86      0.85      0.85       795
           3       0.90      0.73      0.81      1110
           4       0.78      0.82      0.80      1260
           5       0.89      0.66      0.76       882
           6       0.86      0.73      0.79       940
           7       0.42      0.50      0.45       473
           8       0.57      0.83      0.68       746
           9       0.53      0.61      0.57       689
          10       0.70      0.74      0.72       670
          11       0.56      0.75      0.64       312
          12       0.66      0.72      0.69       665
          13       0.73      0.86      0.79       314
          14       0.82      0.76      0.79       756
          15       0.97      0.92      0.95      1607

    accuracy                           0.75     12791
   macro avg       0.73      0.74      0.73     12791
weighted avg       0.77      0.75      0.76     12791

Class 2 12 prunning
total prune number : 12
prune head list
[(11, 3), (11, 10), (7, 3), (10, 2), (9, 4), (9, 10), (9, 9), (1, 3), (8, 4), (3, 4), (1, 2), (7, 6)]
Class 2 24 prunning
total prune number : 24
prune head list
[(5, 1), (11, 8), (11, 1), (10, 11), (8, 5), (10, 5), (10, 0), (6, 2), (5, 11), (5, 2), (3, 2), (4, 8)]
Class 2 36 prunning
total prune number : 36
prune head list
[(11, 9), (7, 7), (2, 4), (0, 1), (6, 10), (4, 7), (2, 8), (5, 0), (10, 9), (0, 10), (3, 10), (6, 4)]
Class 2 48 prunning
total prune number : 48
prune head list
[(9, 2), (4, 1), (0, 3), (9, 0), (4, 6), (9, 1), (8, 3), (11, 0), (8, 0), (1, 0), (3, 3), (11, 4)]
Class 2 60 prunning
total prune number : 60
prune head list
[(2, 2), (0, 11), (0, 2), (1, 5), (7, 11), (9, 6), (10, 8), (4, 4), (7, 2), (4, 10), (6, 3), (11, 2)]
Class 2 72 prunning
total prune number : 72
prune head list
[(0, 5), (10, 4), (4, 5), (2, 1), (8, 6), (5, 6), (11, 5), (3, 6), (0, 7), (1, 9), (10, 7), (2, 7)]
Class 2 84 prunning
total prune number : 84
prune head list
[(10, 10), (9, 7), (6, 5), (9, 3), (11, 6), (2, 11), (6, 1), (0, 8), (2, 6), (7, 10), (6, 6), (2, 3)]
Class 2 96 prunning
total prune number : 96
prune head list
[(3, 0), (6, 0), (8, 10), (7, 4), (3, 8), (1, 4), (5, 3), (7, 1), (6, 11), (3, 9), (4, 2), (8, 9)]
Evaluating: 100%|██████████| 200/200 [02:38<00:00,  1.26it/s]
Loss: 0.9522
Precision: 0.7319, Recall: 0.7395, F1-Score: 0.7301
              precision    recall  f1-score   support

           0       0.68      0.61      0.64       797
           1       0.77      0.72      0.75       775
           2       0.85      0.85      0.85       795
           3       0.90      0.73      0.81      1110
           4       0.78      0.82      0.80      1260
           5       0.89      0.66      0.76       882
           6       0.86      0.72      0.78       940
           7       0.43      0.50      0.46       473
           8       0.56      0.84      0.67       746
           9       0.55      0.61      0.57       689
          10       0.71      0.75      0.73       670
          11       0.56      0.75      0.64       312
          12       0.66      0.72      0.69       665
          13       0.72      0.87      0.79       314
          14       0.82      0.77      0.79       756
          15       0.97      0.93      0.95      1607

    accuracy                           0.76     12791
   macro avg       0.73      0.74      0.73     12791
weighted avg       0.77      0.76      0.76     12791

Class 3 12 prunning
total prune number : 12
prune head list
[(11, 3), (11, 10), (7, 3), (10, 2), (9, 4), (9, 10), (9, 9), (1, 3), (3, 4), (8, 4), (1, 2), (7, 6)]
Class 3 24 prunning
total prune number : 24
prune head list
[(5, 1), (11, 8), (11, 1), (8, 5), (10, 11), (10, 5), (10, 0), (5, 11), (6, 2), (5, 2), (3, 2), (4, 8)]
Class 3 36 prunning
total prune number : 36
prune head list
[(11, 9), (7, 7), (2, 4), (0, 1), (6, 10), (4, 7), (2, 8), (5, 0), (10, 9), (0, 10), (3, 10), (6, 4)]
Class 3 48 prunning
total prune number : 48
prune head list
[(9, 0), (0, 3), (4, 1), (9, 2), (4, 6), (9, 1), (8, 3), (11, 0), (8, 0), (3, 3), (1, 0), (0, 11)]
Class 3 60 prunning
total prune number : 60
prune head list
[(0, 2), (2, 2), (1, 5), (10, 8), (11, 4), (4, 4), (7, 11), (9, 6), (7, 2), (4, 10), (11, 2), (6, 3)]
Class 3 72 prunning
total prune number : 72
prune head list
[(10, 4), (5, 6), (0, 5), (4, 5), (2, 1), (8, 6), (3, 6), (11, 5), (0, 7), (1, 9), (9, 7), (2, 7)]
Class 3 84 prunning
total prune number : 84
prune head list
[(10, 7), (10, 10), (6, 5), (11, 6), (9, 3), (2, 11), (0, 8), (6, 1), (6, 6), (2, 6), (7, 10), (2, 3)]
Class 3 96 prunning
total prune number : 96
prune head list
[(8, 10), (3, 0), (6, 0), (3, 8), (7, 4), (1, 4), (5, 3), (6, 11), (7, 1), (4, 2), (3, 9), (8, 9)]
Evaluating: 100%|██████████| 200/200 [02:35<00:00,  1.28it/s]
Loss: 0.9522
Precision: 0.7319, Recall: 0.7395, F1-Score: 0.7301
              precision    recall  f1-score   support

           0       0.68      0.61      0.64       797
           1       0.77      0.72      0.75       775
           2       0.85      0.85      0.85       795
           3       0.90      0.73      0.81      1110
           4       0.78      0.82      0.80      1260
           5       0.89      0.66      0.76       882
           6       0.86      0.72      0.78       940
           7       0.43      0.50      0.46       473
           8       0.56      0.84      0.67       746
           9       0.55      0.61      0.57       689
          10       0.71      0.75      0.73       670
          11       0.56      0.75      0.64       312
          12       0.66      0.72      0.69       665
          13       0.72      0.87      0.79       314
          14       0.82      0.77      0.79       756
          15       0.97      0.93      0.95      1607

    accuracy                           0.76     12791
   macro avg       0.73      0.74      0.73     12791
weighted avg       0.77      0.76      0.76     12791

Class 4 12 prunning
total prune number : 12
prune head list
[(11, 3), (11, 10), (7, 3), (10, 2), (9, 4), (9, 10), (9, 9), (1, 3), (3, 4), (8, 4), (1, 2), (7, 6)]
Class 4 24 prunning
total prune number : 24
prune head list
[(5, 1), (11, 8), (11, 1), (10, 11), (8, 5), (10, 0), (10, 5), (5, 11), (5, 2), (6, 2), (3, 2), (4, 8)]
Class 4 36 prunning
total prune number : 36
prune head list
[(11, 9), (7, 7), (2, 4), (0, 1), (6, 10), (4, 7), (2, 8), (5, 0), (10, 9), (0, 10), (3, 10), (6, 4)]
Class 4 48 prunning
total prune number : 48
prune head list
[(0, 3), (9, 2), (9, 0), (4, 1), (9, 1), (4, 6), (8, 3), (8, 0), (11, 0), (3, 3), (1, 0), (0, 2)]
Class 4 60 prunning
total prune number : 60
prune head list
[(0, 11), (2, 2), (1, 5), (11, 4), (10, 8), (9, 6), (4, 4), (7, 11), (7, 2), (4, 10), (11, 2), (6, 3)]
Class 4 72 prunning
total prune number : 72
prune head list
[(0, 5), (10, 4), (5, 6), (2, 1), (4, 5), (8, 6), (11, 5), (3, 6), (0, 7), (1, 9), (10, 7), (9, 7)]
Class 4 84 prunning
total prune number : 84
prune head list
[(2, 7), (10, 10), (6, 5), (9, 3), (2, 11), (6, 1), (11, 6), (0, 8), (2, 6), (6, 6), (7, 10), (2, 3)]
Class 4 96 prunning
total prune number : 96
prune head list
[(6, 0), (3, 0), (8, 10), (3, 8), (7, 4), (1, 4), (5, 3), (6, 11), (7, 1), (3, 9), (4, 2), (8, 9)]
Evaluating: 100%|██████████| 200/200 [02:36<00:00,  1.28it/s]
Loss: 0.9522
Precision: 0.7319, Recall: 0.7395, F1-Score: 0.7301
              precision    recall  f1-score   support

           0       0.68      0.61      0.64       797
           1       0.77      0.72      0.75       775
           2       0.85      0.85      0.85       795
           3       0.90      0.73      0.81      1110
           4       0.78      0.82      0.80      1260
           5       0.89      0.66      0.76       882
           6       0.86      0.72      0.78       940
           7       0.43      0.50      0.46       473
           8       0.56      0.84      0.67       746
           9       0.55      0.61      0.57       689
          10       0.71      0.75      0.73       670
          11       0.56      0.75      0.64       312
          12       0.66      0.72      0.69       665
          13       0.72      0.87      0.79       314
          14       0.82      0.77      0.79       756
          15       0.97      0.93      0.95      1607

    accuracy                           0.76     12791
   macro avg       0.73      0.74      0.73     12791
weighted avg       0.77      0.76      0.76     12791

Class 5 12 prunning
total prune number : 12
prune head list
[(11, 3), (11, 10), (7, 3), (10, 2), (9, 4), (9, 10), (9, 9), (1, 3), (3, 4), (8, 4), (1, 2), (7, 6)]
Class 5 24 prunning
total prune number : 24
prune head list
[(5, 1), (11, 8), (11, 1), (10, 11), (8, 5), (10, 5), (10, 0), (5, 11), (6, 2), (5, 2), (3, 2), (11, 9)]
Class 5 36 prunning
total prune number : 36
prune head list
[(4, 8), (7, 7), (2, 4), (0, 1), (6, 10), (4, 7), (5, 0), (2, 8), (10, 9), (0, 10), (3, 10), (9, 0)]
Class 5 48 prunning
total prune number : 48
prune head list
[(9, 2), (6, 4), (0, 3), (4, 1), (4, 6), (9, 1), (11, 0), (8, 3), (8, 0), (1, 0), (3, 3), (2, 2)]
Class 5 60 prunning
total prune number : 60
prune head list
[(0, 2), (11, 4), (0, 11), (1, 5), (7, 11), (9, 6), (10, 8), (4, 4), (7, 2), (4, 10), (6, 3), (10, 4)]
Class 5 72 prunning
total prune number : 72
prune head list
[(11, 2), (5, 6), (0, 5), (8, 6), (11, 5), (2, 1), (4, 5), (3, 6), (0, 7), (10, 7), (1, 9), (10, 10)]
Class 5 84 prunning
total prune number : 84
prune head list
[(2, 7), (9, 3), (9, 7), (6, 5), (2, 11), (11, 6), (0, 8), (6, 1), (2, 6), (6, 6), (7, 10), (6, 0)]
Class 5 96 prunning
total prune number : 96
prune head list
[(2, 3), (3, 0), (8, 10), (3, 8), (7, 4), (1, 4), (5, 3), (6, 11), (7, 1), (3, 9), (4, 2), (8, 9)]
Evaluating: 100%|██████████| 200/200 [02:36<00:00,  1.28it/s]
Loss: 0.9522
Precision: 0.7319, Recall: 0.7395, F1-Score: 0.7301
              precision    recall  f1-score   support

           0       0.68      0.61      0.64       797
           1       0.77      0.72      0.75       775
           2       0.85      0.85      0.85       795
           3       0.90      0.73      0.81      1110
           4       0.78      0.82      0.80      1260
           5       0.89      0.66      0.76       882
           6       0.86      0.72      0.78       940
           7       0.43      0.50      0.46       473
           8       0.56      0.84      0.67       746
           9       0.55      0.61      0.57       689
          10       0.71      0.75      0.73       670
          11       0.56      0.75      0.64       312
          12       0.66      0.72      0.69       665
          13       0.72      0.87      0.79       314
          14       0.82      0.77      0.79       756
          15       0.97      0.93      0.95      1607

    accuracy                           0.76     12791
   macro avg       0.73      0.74      0.73     12791
weighted avg       0.77      0.76      0.76     12791

Class 6 12 prunning
total prune number : 12
prune head list
[(11, 3), (11, 10), (7, 3), (10, 2), (9, 4), (9, 10), (9, 9), (1, 3), (8, 4), (3, 4), (1, 2), (7, 6)]
Class 6 24 prunning
total prune number : 24
prune head list
[(5, 1), (11, 8), (11, 1), (8, 5), (10, 11), (10, 0), (10, 5), (5, 11), (6, 2), (5, 2), (3, 2), (4, 8)]
Class 6 36 prunning
total prune number : 36
prune head list
[(11, 9), (7, 7), (2, 4), (0, 1), (6, 10), (4, 7), (5, 0), (2, 8), (10, 9), (0, 10), (3, 10), (6, 4)]
Class 6 48 prunning
total prune number : 48
prune head list
[(0, 3), (9, 2), (9, 0), (4, 1), (4, 6), (9, 1), (8, 3), (11, 0), (8, 0), (1, 0), (3, 3), (11, 4)]
Class 6 60 prunning
total prune number : 60
prune head list
[(0, 2), (2, 2), (0, 11), (1, 5), (10, 8), (7, 11), (9, 6), (4, 4), (7, 2), (4, 10), (6, 3), (11, 2)]
Class 6 72 prunning
total prune number : 72
prune head list
[(5, 6), (0, 5), (10, 4), (8, 6), (2, 1), (4, 5), (11, 5), (3, 6), (1, 9), (0, 7), (10, 7), (9, 7)]
Class 6 84 prunning
total prune number : 84
prune head list
[(10, 10), (2, 7), (6, 5), (9, 3), (2, 11), (6, 1), (0, 8), (11, 6), (2, 6), (6, 6), (2, 3), (7, 10)]
Class 6 96 prunning
total prune number : 96
prune head list
[(8, 10), (3, 0), (6, 0), (3, 8), (1, 4), (5, 3), (7, 4), (6, 11), (7, 1), (3, 9), (4, 2), (2, 0)]
Evaluating: 100%|██████████| 200/200 [02:35<00:00,  1.29it/s]
Loss: 0.9567
Precision: 0.7316, Recall: 0.7386, F1-Score: 0.7297
              precision    recall  f1-score   support

           0       0.67      0.61      0.64       797
           1       0.78      0.72      0.75       775
           2       0.86      0.85      0.85       795
           3       0.90      0.73      0.81      1110
           4       0.78      0.82      0.80      1260
           5       0.89      0.66      0.76       882
           6       0.86      0.73      0.79       940
           7       0.42      0.50      0.45       473
           8       0.57      0.83      0.68       746
           9       0.53      0.61      0.57       689
          10       0.70      0.74      0.72       670
          11       0.56      0.75      0.64       312
          12       0.66      0.72      0.69       665
          13       0.73      0.86      0.79       314
          14       0.82      0.76      0.79       756
          15       0.97      0.92      0.95      1607

    accuracy                           0.75     12791
   macro avg       0.73      0.74      0.73     12791
weighted avg       0.77      0.75      0.76     12791

Class 7 12 prunning
total prune number : 12
prune head list
[(11, 3), (7, 3), (11, 10), (10, 2), (9, 4), (9, 10), (9, 9), (1, 3), (3, 4), (8, 4), (1, 2), (7, 6)]
Class 7 24 prunning
total prune number : 24
prune head list
[(5, 1), (11, 1), (11, 8), (8, 5), (10, 11), (10, 5), (5, 2), (10, 0), (6, 2), (3, 2), (5, 11), (4, 8)]
Class 7 36 prunning
total prune number : 36
prune head list
[(11, 9), (2, 4), (0, 1), (6, 10), (7, 7), (4, 7), (2, 8), (5, 0), (10, 9), (3, 10), (0, 10), (9, 2)]
Class 7 48 prunning
total prune number : 48
prune head list
[(6, 4), (4, 1), (9, 0), (0, 3), (9, 1), (11, 0), (4, 6), (8, 3), (8, 0), (1, 0), (2, 2), (0, 11)]
Class 7 60 prunning
total prune number : 60
prune head list
[(3, 3), (7, 11), (0, 2), (1, 5), (10, 8), (9, 6), (4, 4), (11, 4), (7, 2), (4, 10), (0, 5), (11, 2)]
Class 7 72 prunning
total prune number : 72
prune head list
[(6, 3), (5, 6), (2, 1), (10, 4), (8, 6), (3, 6), (0, 7), (4, 5), (1, 9), (2, 7), (9, 7), (2, 11)]
Class 7 84 prunning
total prune number : 84
prune head list
[(11, 5), (10, 10), (9, 3), (10, 7), (6, 1), (6, 5), (11, 6), (0, 8), (2, 6), (6, 0), (6, 6), (2, 3)]
Class 7 96 prunning
total prune number : 96
prune head list
[(7, 10), (3, 8), (3, 0), (8, 10), (1, 4), (5, 3), (7, 4), (6, 11), (7, 1), (3, 9), (4, 2), (8, 9)]
Evaluating: 100%|██████████| 200/200 [02:42<00:00,  1.23it/s]
Loss: 0.9522
Precision: 0.7319, Recall: 0.7395, F1-Score: 0.7301
              precision    recall  f1-score   support

           0       0.68      0.61      0.64       797
           1       0.77      0.72      0.75       775
           2       0.85      0.85      0.85       795
           3       0.90      0.73      0.81      1110
           4       0.78      0.82      0.80      1260
           5       0.89      0.66      0.76       882
           6       0.86      0.72      0.78       940
           7       0.43      0.50      0.46       473
           8       0.56      0.84      0.67       746
           9       0.55      0.61      0.57       689
          10       0.71      0.75      0.73       670
          11       0.56      0.75      0.64       312
          12       0.66      0.72      0.69       665
          13       0.72      0.87      0.79       314
          14       0.82      0.77      0.79       756
          15       0.97      0.93      0.95      1607

    accuracy                           0.76     12791
   macro avg       0.73      0.74      0.73     12791
weighted avg       0.77      0.76      0.76     12791

Class 8 12 prunning
total prune number : 12
prune head list
[(11, 3), (11, 10), (7, 3), (10, 2), (9, 4), (9, 10), (9, 9), (1, 3), (8, 4), (3, 4), (1, 2), (7, 6)]
Class 8 24 prunning
total prune number : 24
prune head list
[(5, 1), (11, 8), (11, 1), (10, 11), (8, 5), (10, 5), (10, 0), (5, 11), (6, 2), (5, 2), (3, 2), (4, 8)]
Class 8 36 prunning
total prune number : 36
prune head list
[(11, 9), (7, 7), (0, 1), (2, 4), (6, 10), (4, 7), (5, 0), (2, 8), (10, 9), (0, 10), (3, 10), (6, 4)]
Class 8 48 prunning
total prune number : 48
prune head list
[(0, 3), (4, 1), (9, 0), (9, 2), (4, 6), (9, 1), (8, 3), (11, 0), (8, 0), (3, 3), (1, 0), (0, 2)]
Class 8 60 prunning
total prune number : 60
prune head list
[(0, 11), (2, 2), (1, 5), (11, 4), (10, 8), (7, 11), (4, 4), (9, 6), (7, 2), (4, 10), (11, 2), (6, 3)]
Class 8 72 prunning
total prune number : 72
prune head list
[(0, 5), (10, 4), (2, 1), (11, 5), (4, 5), (5, 6), (8, 6), (3, 6), (0, 7), (10, 7), (1, 9), (9, 7)]
Class 8 84 prunning
total prune number : 84
prune head list
[(2, 7), (10, 10), (6, 5), (9, 3), (6, 1), (11, 6), (2, 11), (0, 8), (6, 6), (2, 6), (7, 10), (2, 3)]
Class 8 96 prunning
total prune number : 96
prune head list
[(3, 0), (6, 0), (8, 10), (3, 8), (7, 4), (1, 4), (5, 3), (7, 1), (6, 11), (4, 2), (3, 9), (2, 0)]
Evaluating: 100%|██████████| 200/200 [02:40<00:00,  1.24it/s]
Loss: 0.9567
Precision: 0.7316, Recall: 0.7386, F1-Score: 0.7297
              precision    recall  f1-score   support

           0       0.67      0.61      0.64       797
           1       0.78      0.72      0.75       775
           2       0.86      0.85      0.85       795
           3       0.90      0.73      0.81      1110
           4       0.78      0.82      0.80      1260
           5       0.89      0.66      0.76       882
           6       0.86      0.73      0.79       940
           7       0.42      0.50      0.45       473
           8       0.57      0.83      0.68       746
           9       0.53      0.61      0.57       689
          10       0.70      0.74      0.72       670
          11       0.56      0.75      0.64       312
          12       0.66      0.72      0.69       665
          13       0.73      0.86      0.79       314
          14       0.82      0.76      0.79       756
          15       0.97      0.92      0.95      1607

    accuracy                           0.75     12791
   macro avg       0.73      0.74      0.73     12791
weighted avg       0.77      0.75      0.76     12791

Class 9 12 prunning
total prune number : 12
prune head list
[(11, 3), (11, 10), (7, 3), (10, 2), (9, 4), (9, 10), (9, 9), (1, 3), (3, 4), (8, 4), (1, 2), (7, 6)]
Class 9 24 prunning
total prune number : 24
prune head list
[(5, 1), (11, 8), (11, 1), (10, 11), (8, 5), (10, 0), (10, 5), (5, 11), (6, 2), (5, 2), (3, 2), (4, 8)]
Class 9 36 prunning
total prune number : 36
prune head list
[(7, 7), (11, 9), (2, 4), (0, 1), (6, 10), (4, 7), (5, 0), (2, 8), (10, 9), (0, 10), (3, 10), (6, 4)]
Class 9 48 prunning
total prune number : 48
prune head list
[(9, 0), (0, 3), (4, 1), (9, 2), (9, 1), (4, 6), (8, 3), (11, 0), (8, 0), (1, 0), (3, 3), (0, 2)]
Class 9 60 prunning
total prune number : 60
prune head list
[(11, 4), (0, 11), (2, 2), (1, 5), (7, 11), (10, 8), (4, 4), (9, 6), (7, 2), (4, 10), (6, 3), (11, 2)]
Class 9 72 prunning
total prune number : 72
prune head list
[(0, 5), (10, 4), (5, 6), (4, 5), (8, 6), (2, 1), (11, 5), (3, 6), (0, 7), (1, 9), (9, 7), (2, 7)]
Class 9 84 prunning
total prune number : 84
prune head list
[(10, 7), (10, 10), (6, 5), (9, 3), (2, 11), (11, 6), (0, 8), (6, 1), (2, 6), (6, 6), (7, 10), (2, 3)]
Class 9 96 prunning
total prune number : 96
prune head list
[(6, 0), (3, 0), (8, 10), (3, 8), (7, 4), (1, 4), (5, 3), (7, 1), (6, 11), (3, 9), (4, 2), (8, 9)]
Evaluating: 100%|██████████| 200/200 [02:43<00:00,  1.22it/s]
Loss: 0.9522
Precision: 0.7319, Recall: 0.7395, F1-Score: 0.7301
              precision    recall  f1-score   support

           0       0.68      0.61      0.64       797
           1       0.77      0.72      0.75       775
           2       0.85      0.85      0.85       795
           3       0.90      0.73      0.81      1110
           4       0.78      0.82      0.80      1260
           5       0.89      0.66      0.76       882
           6       0.86      0.72      0.78       940
           7       0.43      0.50      0.46       473
           8       0.56      0.84      0.67       746
           9       0.55      0.61      0.57       689
          10       0.71      0.75      0.73       670
          11       0.56      0.75      0.64       312
          12       0.66      0.72      0.69       665
          13       0.72      0.87      0.79       314
          14       0.82      0.77      0.79       756
          15       0.97      0.93      0.95      1607

    accuracy                           0.76     12791
   macro avg       0.73      0.74      0.73     12791
weighted avg       0.77      0.76      0.76     12791

Class 10 12 prunning
total prune number : 12
prune head list
[(11, 3), (11, 10), (7, 3), (10, 2), (9, 4), (9, 10), (9, 9), (1, 3), (8, 4), (3, 4), (1, 2), (7, 6)]
Class 10 24 prunning
total prune number : 24
prune head list
[(5, 1), (11, 8), (11, 1), (10, 11), (8, 5), (10, 0), (10, 5), (5, 11), (5, 2), (6, 2), (3, 2), (4, 8)]
Class 10 36 prunning
total prune number : 36
prune head list
[(11, 9), (7, 7), (2, 4), (0, 1), (6, 10), (4, 7), (2, 8), (5, 0), (10, 9), (0, 10), (3, 10), (6, 4)]
Class 10 48 prunning
total prune number : 48
prune head list
[(4, 1), (9, 2), (0, 3), (9, 0), (4, 6), (9, 1), (8, 3), (11, 0), (3, 3), (1, 0), (0, 11), (0, 2)]
Class 10 60 prunning
total prune number : 60
prune head list
[(2, 2), (1, 5), (8, 0), (9, 6), (7, 11), (4, 4), (11, 4), (10, 8), (7, 2), (4, 10), (11, 2), (6, 3)]
Class 10 72 prunning
total prune number : 72
prune head list
[(0, 5), (11, 5), (10, 4), (5, 6), (4, 5), (8, 6), (2, 1), (3, 6), (0, 7), (1, 9), (2, 7), (10, 10)]
Class 10 84 prunning
total prune number : 84
prune head list
[(9, 7), (10, 7), (6, 5), (9, 3), (2, 11), (6, 1), (0, 8), (11, 6), (2, 6), (6, 6), (7, 10), (2, 3)]
Class 10 96 prunning
total prune number : 96
prune head list
[(3, 0), (6, 0), (8, 10), (3, 8), (7, 4), (5, 3), (1, 4), (6, 11), (7, 1), (3, 9), (4, 2), (8, 9)]
Evaluating: 100%|██████████| 200/200 [02:36<00:00,  1.28it/s]
Loss: 0.9522
Precision: 0.7319, Recall: 0.7395, F1-Score: 0.7301
              precision    recall  f1-score   support

           0       0.68      0.61      0.64       797
           1       0.77      0.72      0.75       775
           2       0.85      0.85      0.85       795
           3       0.90      0.73      0.81      1110
           4       0.78      0.82      0.80      1260
           5       0.89      0.66      0.76       882
           6       0.86      0.72      0.78       940
           7       0.43      0.50      0.46       473
           8       0.56      0.84      0.67       746
           9       0.55      0.61      0.57       689
          10       0.71      0.75      0.73       670
          11       0.56      0.75      0.64       312
          12       0.66      0.72      0.69       665
          13       0.72      0.87      0.79       314
          14       0.82      0.77      0.79       756
          15       0.97      0.93      0.95      1607

    accuracy                           0.76     12791
   macro avg       0.73      0.74      0.73     12791
weighted avg       0.77      0.76      0.76     12791

Class 11 12 prunning
total prune number : 12
prune head list
[(11, 3), (11, 10), (7, 3), (10, 2), (9, 4), (9, 10), (9, 9), (1, 3), (8, 4), (3, 4), (1, 2), (7, 6)]
Class 11 24 prunning
total prune number : 24
prune head list
[(5, 1), (11, 8), (11, 1), (8, 5), (10, 11), (10, 0), (5, 11), (10, 5), (6, 2), (3, 2), (4, 8), (5, 2)]
Class 11 36 prunning
total prune number : 36
prune head list
[(11, 9), (7, 7), (2, 4), (0, 1), (6, 10), (5, 0), (4, 7), (2, 8), (10, 9), (0, 10), (6, 4), (3, 10)]
Class 11 48 prunning
total prune number : 48
prune head list
[(0, 3), (4, 1), (9, 0), (4, 6), (9, 2), (9, 1), (11, 0), (8, 3), (8, 0), (11, 4), (3, 3), (1, 0)]
Class 11 60 prunning
total prune number : 60
prune head list
[(0, 2), (0, 11), (7, 11), (2, 2), (1, 5), (4, 4), (10, 8), (9, 6), (11, 2), (4, 10), (7, 2), (10, 4)]
Class 11 72 prunning
total prune number : 72
prune head list
[(6, 3), (8, 6), (4, 5), (5, 6), (2, 1), (0, 5), (9, 7), (3, 6), (0, 7), (11, 6), (10, 7), (1, 9)]
Class 11 84 prunning
total prune number : 84
prune head list
[(2, 7), (10, 10), (11, 5), (6, 5), (9, 3), (2, 11), (6, 1), (2, 6), (0, 8), (6, 6), (8, 10), (7, 10)]
Class 11 96 prunning
total prune number : 96
prune head list
[(3, 0), (2, 3), (6, 0), (7, 4), (1, 4), (3, 8), (5, 3), (7, 1), (6, 11), (8, 9), (2, 0), (3, 9)]
Evaluating: 100%|██████████| 200/200 [02:34<00:00,  1.30it/s]
Loss: 0.9811
Precision: 0.7313, Recall: 0.7386, F1-Score: 0.7294
              precision    recall  f1-score   support

           0       0.69      0.61      0.65       797
           1       0.78      0.72      0.75       775
           2       0.84      0.86      0.85       795
           3       0.89      0.74      0.81      1110
           4       0.78      0.82      0.80      1260
           5       0.89      0.66      0.76       882
           6       0.85      0.74      0.79       940
           7       0.40      0.53      0.46       473
           8       0.57      0.83      0.68       746
           9       0.52      0.58      0.55       689
          10       0.72      0.75      0.73       670
          11       0.58      0.74      0.65       312
          12       0.64      0.74      0.69       665
          13       0.73      0.86      0.79       314
          14       0.83      0.76      0.79       756
          15       0.98      0.88      0.93      1607

    accuracy                           0.75     12791
   macro avg       0.73      0.74      0.73     12791
weighted avg       0.77      0.75      0.76     12791

Class 12 12 prunning
total prune number : 12
prune head list
[(11, 3), (11, 10), (7, 3), (10, 2), (9, 4), (9, 10), (9, 9), (1, 3), (3, 4), (8, 4), (1, 2), (7, 6)]
Class 12 24 prunning
total prune number : 24
prune head list
[(5, 1), (11, 8), (11, 1), (10, 11), (8, 5), (10, 5), (10, 0), (5, 11), (6, 2), (5, 2), (3, 2), (4, 8)]
Class 12 36 prunning
total prune number : 36
prune head list
[(11, 9), (7, 7), (2, 4), (0, 1), (6, 10), (4, 7), (5, 0), (2, 8), (10, 9), (0, 10), (3, 10), (6, 4)]
Class 12 48 prunning
total prune number : 48
prune head list
[(9, 2), (9, 0), (4, 1), (0, 3), (4, 6), (9, 1), (8, 3), (8, 0), (1, 0), (3, 3), (11, 4), (2, 2)]
Class 12 60 prunning
total prune number : 60
prune head list
[(0, 2), (0, 11), (1, 5), (11, 0), (7, 11), (10, 8), (9, 6), (4, 4), (7, 2), (4, 10), (11, 2), (6, 3)]
Class 12 72 prunning
total prune number : 72
prune head list
[(0, 5), (5, 6), (10, 4), (2, 1), (8, 6), (4, 5), (11, 5), (3, 6), (0, 7), (1, 9), (10, 7), (2, 7)]
Class 12 84 prunning
total prune number : 84
prune head list
[(10, 10), (6, 5), (9, 7), (9, 3), (11, 6), (2, 11), (6, 1), (0, 8), (2, 6), (6, 6), (7, 10), (2, 3)]
Class 12 96 prunning
total prune number : 96
prune head list
[(6, 0), (3, 0), (8, 10), (3, 8), (1, 4), (7, 4), (5, 3), (7, 1), (6, 11), (3, 9), (4, 2), (2, 0)]
Evaluating: 100%|██████████| 200/200 [02:41<00:00,  1.24it/s]
Loss: 0.9567
Precision: 0.7316, Recall: 0.7386, F1-Score: 0.7297
              precision    recall  f1-score   support

           0       0.67      0.61      0.64       797
           1       0.78      0.72      0.75       775
           2       0.86      0.85      0.85       795
           3       0.90      0.73      0.81      1110
           4       0.78      0.82      0.80      1260
           5       0.89      0.66      0.76       882
           6       0.86      0.73      0.79       940
           7       0.42      0.50      0.45       473
           8       0.57      0.83      0.68       746
           9       0.53      0.61      0.57       689
          10       0.70      0.74      0.72       670
          11       0.56      0.75      0.64       312
          12       0.66      0.72      0.69       665
          13       0.73      0.86      0.79       314
          14       0.82      0.76      0.79       756
          15       0.97      0.92      0.95      1607

    accuracy                           0.75     12791
   macro avg       0.73      0.74      0.73     12791
weighted avg       0.77      0.75      0.76     12791

Class 13 12 prunning
total prune number : 12
prune head list
[(11, 3), (11, 10), (7, 3), (10, 2), (9, 4), (9, 10), (9, 9), (1, 3), (3, 4), (8, 4), (1, 2), (5, 1)]
Class 13 24 prunning
total prune number : 24
prune head list
[(7, 6), (11, 8), (11, 1), (10, 11), (8, 5), (10, 5), (10, 0), (5, 11), (6, 2), (5, 2), (3, 2), (4, 8)]
Class 13 36 prunning
total prune number : 36
prune head list
[(11, 9), (7, 7), (0, 1), (2, 4), (6, 10), (4, 7), (5, 0), (2, 8), (10, 9), (0, 10), (3, 10), (6, 4)]
Class 13 48 prunning
total prune number : 48
prune head list
[(9, 0), (4, 1), (0, 3), (9, 2), (4, 6), (9, 1), (8, 3), (8, 0), (11, 0), (3, 3), (1, 0), (11, 4)]
Class 13 60 prunning
total prune number : 60
prune head list
[(2, 2), (0, 2), (1, 5), (0, 11), (7, 11), (10, 8), (9, 6), (4, 4), (7, 2), (4, 10), (10, 4), (11, 2)]
Class 13 72 prunning
total prune number : 72
prune head list
[(6, 3), (5, 6), (11, 5), (0, 5), (8, 6), (2, 1), (4, 5), (3, 6), (1, 9), (0, 7), (9, 7), (2, 7)]
Class 13 84 prunning
total prune number : 84
prune head list
[(10, 7), (10, 10), (6, 5), (9, 3), (2, 11), (0, 8), (11, 6), (6, 1), (2, 6), (6, 6), (7, 10), (2, 3)]
Class 13 96 prunning
total prune number : 96
prune head list
[(6, 0), (8, 10), (7, 4), (3, 0), (3, 8), (1, 4), (5, 3), (6, 11), (7, 1), (4, 2), (3, 9), (2, 0)]
Evaluating: 100%|██████████| 200/200 [02:36<00:00,  1.28it/s]
Loss: 0.9567
Precision: 0.7316, Recall: 0.7386, F1-Score: 0.7297
              precision    recall  f1-score   support

           0       0.67      0.61      0.64       797
           1       0.78      0.72      0.75       775
           2       0.86      0.85      0.85       795
           3       0.90      0.73      0.81      1110
           4       0.78      0.82      0.80      1260
           5       0.89      0.66      0.76       882
           6       0.86      0.73      0.79       940
           7       0.42      0.50      0.45       473
           8       0.57      0.83      0.68       746
           9       0.53      0.61      0.57       689
          10       0.70      0.74      0.72       670
          11       0.56      0.75      0.64       312
          12       0.66      0.72      0.69       665
          13       0.73      0.86      0.79       314
          14       0.82      0.76      0.79       756
          15       0.97      0.92      0.95      1607

    accuracy                           0.75     12791
   macro avg       0.73      0.74      0.73     12791
weighted avg       0.77      0.75      0.76     12791

Class 14 12 prunning
total prune number : 12
prune head list
[(11, 3), (11, 10), (7, 3), (10, 2), (9, 4), (9, 10), (9, 9), (1, 3), (3, 4), (8, 4), (1, 2), (7, 6)]
Class 14 24 prunning
total prune number : 24
prune head list
[(5, 1), (11, 8), (11, 1), (10, 11), (8, 5), (10, 0), (10, 5), (5, 11), (5, 2), (6, 2), (3, 2), (4, 8)]
Class 14 36 prunning
total prune number : 36
prune head list
[(11, 9), (7, 7), (2, 4), (0, 1), (6, 10), (4, 7), (2, 8), (5, 0), (10, 9), (0, 10), (3, 10), (6, 4)]
Class 14 48 prunning
total prune number : 48
prune head list
[(9, 0), (0, 3), (9, 2), (4, 1), (4, 6), (9, 1), (8, 3), (11, 0), (1, 0), (8, 0), (0, 11), (3, 3)]
Class 14 60 prunning
total prune number : 60
prune head list
[(0, 2), (11, 4), (2, 2), (1, 5), (10, 8), (7, 11), (9, 6), (4, 4), (7, 2), (4, 10), (6, 3), (0, 5)]
Class 14 72 prunning
total prune number : 72
prune head list
[(11, 2), (10, 4), (5, 6), (2, 1), (8, 6), (4, 5), (3, 6), (11, 5), (0, 7), (10, 7), (1, 9), (10, 10)]
Class 14 84 prunning
total prune number : 84
prune head list
[(2, 7), (9, 3), (9, 7), (6, 5), (2, 11), (11, 6), (6, 1), (0, 8), (2, 6), (6, 6), (7, 10), (2, 3)]
Class 14 96 prunning
total prune number : 96
prune head list
[(6, 0), (3, 0), (3, 8), (8, 10), (1, 4), (7, 4), (5, 3), (6, 11), (7, 1), (3, 9), (4, 2), (2, 0)]
Evaluating: 100%|██████████| 200/200 [02:41<00:00,  1.23it/s]
Loss: 0.9567
Precision: 0.7316, Recall: 0.7386, F1-Score: 0.7297
              precision    recall  f1-score   support

           0       0.67      0.61      0.64       797
           1       0.78      0.72      0.75       775
           2       0.86      0.85      0.85       795
           3       0.90      0.73      0.81      1110
           4       0.78      0.82      0.80      1260
           5       0.89      0.66      0.76       882
           6       0.86      0.73      0.79       940
           7       0.42      0.50      0.45       473
           8       0.57      0.83      0.68       746
           9       0.53      0.61      0.57       689
          10       0.70      0.74      0.72       670
          11       0.56      0.75      0.64       312
          12       0.66      0.72      0.69       665
          13       0.73      0.86      0.79       314
          14       0.82      0.76      0.79       756
          15       0.97      0.92      0.95      1607

    accuracy                           0.75     12791
   macro avg       0.73      0.74      0.73     12791
weighted avg       0.77      0.75      0.76     12791

Class 15 12 prunning
total prune number : 12
prune head list
[(11, 3), (11, 10), (7, 3), (10, 2), (9, 4), (9, 10), (9, 9), (1, 3), (3, 4), (8, 4), (1, 2), (7, 6)]
Class 15 24 prunning
total prune number : 24
prune head list
[(5, 1), (11, 8), (11, 1), (10, 11), (8, 5), (10, 5), (10, 0), (5, 11), (6, 2), (5, 2), (3, 2), (4, 8)]
Class 15 36 prunning
total prune number : 36
prune head list
[(11, 9), (7, 7), (2, 4), (0, 1), (6, 10), (4, 7), (5, 0), (2, 8), (10, 9), (0, 10), (3, 10), (6, 4)]
Class 15 48 prunning
total prune number : 48
prune head list
[(9, 0), (0, 3), (4, 1), (9, 2), (9, 1), (4, 6), (8, 3), (11, 0), (8, 0), (1, 0), (3, 3), (0, 2)]
Class 15 60 prunning
total prune number : 60
prune head list
[(2, 2), (11, 4), (0, 11), (1, 5), (10, 8), (7, 11), (9, 6), (4, 4), (7, 2), (4, 10), (11, 2), (6, 3)]
Class 15 72 prunning
total prune number : 72
prune head list
[(10, 4), (0, 5), (5, 6), (8, 6), (4, 5), (2, 1), (3, 6), (11, 5), (0, 7), (9, 7), (10, 7), (1, 9)]
Class 15 84 prunning
total prune number : 84
prune head list
[(2, 7), (10, 10), (6, 5), (9, 3), (11, 6), (2, 11), (0, 8), (6, 1), (2, 6), (6, 6), (7, 10), (2, 3)]
Class 15 96 prunning
total prune number : 96
prune head list
[(6, 0), (3, 0), (8, 10), (3, 8), (1, 4), (7, 4), (5, 3), (6, 11), (7, 1), (3, 9), (8, 9), (4, 2)]
Evaluating: 100%|██████████| 200/200 [02:45<00:00,  1.21it/s]
Loss: 0.9522
Precision: 0.7319, Recall: 0.7395, F1-Score: 0.7301
              precision    recall  f1-score   support

           0       0.68      0.61      0.64       797
           1       0.77      0.72      0.75       775
           2       0.85      0.85      0.85       795
           3       0.90      0.73      0.81      1110
           4       0.78      0.82      0.80      1260
           5       0.89      0.66      0.76       882
           6       0.86      0.72      0.78       940
           7       0.43      0.50      0.46       473
           8       0.56      0.84      0.67       746
           9       0.55      0.61      0.57       689
          10       0.71      0.75      0.73       670
          11       0.56      0.75      0.64       312
          12       0.66      0.72      0.69       665
          13       0.72      0.87      0.79       314
          14       0.82      0.77      0.79       756
          15       0.97      0.93      0.95      1607

    accuracy                           0.76     12791
   macro avg       0.73      0.74      0.73     12791
weighted avg       0.77      0.76      0.76     12791

Total 12 prunning
total prune number : 12
prune head list
[(11, 3), (11, 10), (7, 3), (10, 2), (9, 4), (9, 10), (9, 9), (1, 3), (3, 4), (8, 4), (1, 2), (7, 6)]
Total 24 prunning
total prune number : 24
prune head list
[(5, 1), (11, 8), (11, 1), (10, 11), (8, 5), (10, 5), (10, 0), (5, 11), (6, 2), (5, 2), (3, 2), (4, 8)]
Total 36 prunning
total prune number : 36
prune head list
[(11, 9), (7, 7), (2, 4), (0, 1), (6, 10), (4, 7), (5, 0), (2, 8), (10, 9), (0, 10), (3, 10), (6, 4)]
Total 48 prunning
total prune number : 48
prune head list
[(9, 0), (0, 3), (4, 1), (9, 2), (4, 6), (9, 1), (8, 3), (11, 0), (8, 0), (1, 0), (3, 3), (0, 2)]
Total 60 prunning
total prune number : 60
prune head list
[(2, 2), (0, 11), (11, 4), (1, 5), (10, 8), (7, 11), (9, 6), (4, 4), (7, 2), (4, 10), (11, 2), (6, 3)]
Total 72 prunning
total prune number : 72
prune head list
[(0, 5), (10, 4), (5, 6), (8, 6), (2, 1), (4, 5), (11, 5), (3, 6), (0, 7), (1, 9), (10, 7), (2, 7)]
Total 84 prunning
total prune number : 84
prune head list
[(9, 7), (10, 10), (6, 5), (9, 3), (11, 6), (2, 11), (6, 1), (0, 8), (2, 6), (6, 6), (7, 10), (2, 3)]
Total 96 prunning
total prune number : 96
prune head list
[(6, 0), (3, 0), (8, 10), (3, 8), (7, 4), (1, 4), (5, 3), (6, 11), (7, 1), (3, 9), (4, 2), (8, 9)]
Evaluating: 100%|██████████| 200/200 [02:41<00:00,  1.24it/s]
Loss: 0.9522
Precision: 0.7319, Recall: 0.7395, F1-Score: 0.7301
              precision    recall  f1-score   support

           0       0.68      0.61      0.64       797
           1       0.77      0.72      0.75       775
           2       0.85      0.85      0.85       795
           3       0.90      0.73      0.81      1110
           4       0.78      0.82      0.80      1260
           5       0.89      0.66      0.76       882
           6       0.86      0.72      0.78       940
           7       0.43      0.50      0.46       473
           8       0.56      0.84      0.67       746
           9       0.55      0.61      0.57       689
          10       0.71      0.75      0.73       670
          11       0.56      0.75      0.64       312
          12       0.66      0.72      0.69       665
          13       0.72      0.87      0.79       314
          14       0.82      0.77      0.79       756
          15       0.97      0.93      0.95      1607

    accuracy                           0.76     12791
   macro avg       0.73      0.74      0.73     12791
weighted avg       0.77      0.76      0.76     12791


Process finished with exit code 0